[2025-07-14 20:37:04] REQUEST recibido: Array
(
    [action] => obtener_planteles
)

[2025-07-14 20:37:04] Query planteles: SELECT id_pla, nom_pla, fec_pla FROM plantel ORDER BY nom_pla ASC
[2025-07-14 20:37:04] Planteles encontrados: 3
[2025-07-14 20:37:04] REQUEST recibido: Array
(
    [action] => obtener_citas_totales_por_plantel
    [id_pla] => 6
)

[2025-07-14 20:37:04] REQUEST recibido: Array
(
    [action] => obtener_citas_totales_por_plantel
    [id_pla] => 3
)

[2025-07-14 20:37:04] REQUEST recibido: Array
(
    [action] => obtener_citas_totales_por_plantel
    [id_pla] => 2
)

[2025-07-14 20:37:04] REQUEST recibido: Array
(
    [action] => obtener_ejecutivos_con_citas
)

[2025-07-14 20:37:04] Query ejecutivos con citas: SELECT e.id_eje, e.nom_eje, e.tel_eje, e.eli_eje, e.id_padre, e.id_pla, e.ult_eje,
					         p.nom_pla as plantel_principal,
					         COUNT(DISTINCT c.id_cit) as citas_propias,
					         GROUP_CONCAT(DISTINCT CONCAT(pa.id_pla, ':', pa.nom_pla) SEPARATOR '|') as planteles_asociados,
					         COUNT(DISTINCT pe.id_pla) as total_planteles_asociados,
					         CASE 
					             WHEN e.ult_eje IS NULL THEN 'sin_sesion'
					             WHEN TIMESTAMPDIFF(DAY, e.ult_eje, NOW()) <= 1 THEN 'verde'
					             WHEN TIMESTAMPDIFF(DAY, e.ult_eje, NOW()) BETWEEN 2 AND 3 THEN 'amarillo'
					             WHEN TIMESTAMPDIFF(DAY, e.ult_eje, NOW()) >= 4 THEN 'rojo'
					             ELSE 'sin_sesion'
					         END as semaforo_sesion,
					         TIMESTAMPDIFF(DAY, e.ult_eje, NOW()) as dias_desde_ultima_sesion
					  FROM ejecutivo e 
					  LEFT JOIN plantel p ON e.id_pla = p.id_pla 
					  LEFT JOIN cita c ON e.id_eje = c.id_eje2 AND c.eli_cit = 1 
					  LEFT JOIN planteles_ejecutivo pe ON e.id_eje = pe.id_eje
					  LEFT JOIN plantel pa ON pe.id_pla = pa.id_pla
					  GROUP BY e.id_eje, e.nom_eje, e.tel_eje, e.eli_eje, e.id_padre, e.id_pla, e.ult_eje, p.nom_pla
					  ORDER BY e.eli_eje DESC, e.nom_eje ASC
[2025-07-14 20:37:04] Ejecutivo ID: 9 - Citas propias: 5 - Citas hijos: 0 - Total: 5
[2025-07-14 20:37:04] Ejecutivo ID: 16 - Citas propias: 5 - Citas hijos: 0 - Total: 5
[2025-07-14 20:37:04] Ejecutivo ID: 11 - Citas propias: 5 - Citas hijos: 0 - Total: 5
[2025-07-14 20:37:04] Ejecutivo ID: 13 - Citas propias: 5 - Citas hijos: 0 - Total: 5
[2025-07-14 20:37:04] Ejecutivo ID: 12 - Citas propias: 5 - Citas hijos: 5 - Total: 10
[2025-07-14 20:37:04] Ejecutivo ID: 6 - Citas propias: 4 - Citas hijos: 0 - Total: 4
[2025-07-14 20:37:04] Ejecutivo ID: 20 - Citas propias: 5 - Citas hijos: 0 - Total: 5
[2025-07-14 20:37:04] Ejecutivo ID: 21 - Citas propias: 5 - Citas hijos: 0 - Total: 5
[2025-07-14 20:37:04] Ejecutivo ID: 15 - Citas propias: 5 - Citas hijos: 14 - Total: 19
[2025-07-14 20:37:04] Ejecutivo ID: 18 - Citas propias: 5 - Citas hijos: 0 - Total: 5
[2025-07-14 20:37:04] Ejecutivo ID: 6 - Citas propias: 4 - Citas hijos: 0 - Total: 4
[2025-07-14 20:37:04] Ejecutivo ID: 4 - Citas propias: 6 - Citas hijos: 0 - Total: 6
[2025-07-14 20:37:04] Ejecutivo ID: 10 - Citas propias: 5 - Citas hijos: 0 - Total: 5
[2025-07-14 20:37:04] Ejecutivo ID: 2 - Citas propias: 5 - Citas hijos: 0 - Total: 5
[2025-07-14 20:37:04] Ejecutivo ID: 10 - Citas propias: 5 - Citas hijos: 0 - Total: 5
[2025-07-14 20:37:04] Ejecutivo ID: 14 - Citas propias: 5 - Citas hijos: 5 - Total: 10
[2025-07-14 20:37:04] Ejecutivo ID: 21 - Citas propias: 5 - Citas hijos: 0 - Total: 5
[2025-07-14 20:37:04] Ejecutivo ID: 20 - Citas propias: 5 - Citas hijos: 0 - Total: 5
[2025-07-14 20:37:04] Ejecutivo ID: 13 - Citas propias: 5 - Citas hijos: 0 - Total: 5
[2025-07-14 20:37:04] Ejecutivo ID: 1 - Citas propias: 0 - Citas hijos: 0 - Total: 0
[2025-07-14 20:37:04] Ejecutivos con citas encontrados: 15
[2025-07-14 20:37:04] REQUEST recibido: Array
(
    [action] => obtener_citas_totales_por_plantel
    [id_pla] => 6
)

[2025-07-14 20:37:04] REQUEST recibido: Array
(
    [action] => obtener_citas_totales_por_plantel
    [id_pla] => 3
)

[2025-07-14 20:37:04] REQUEST recibido: Array
(
    [action] => obtener_citas_totales_por_plantel
    [id_pla] => 2
)

[2025-07-14 20:37:13] REQUEST recibido: Array
(
    [action] => obtener_planteles
)

[2025-07-14 20:37:13] Query planteles: SELECT id_pla, nom_pla, fec_pla FROM plantel ORDER BY nom_pla ASC
[2025-07-14 20:37:13] Planteles encontrados: 3
[2025-07-14 20:37:15] REQUEST recibido: Array
(
    [action] => obtener_planteles
)

[2025-07-14 20:37:15] Query planteles: SELECT id_pla, nom_pla, fec_pla FROM plantel ORDER BY nom_pla ASC
[2025-07-14 20:37:15] Planteles encontrados: 3
[2025-07-14 20:37:15] REQUEST recibido: Array
(
    [action] => obtener_citas_totales_por_plantel
    [id_pla] => 6
)

[2025-07-14 20:37:15] REQUEST recibido: Array
(
    [action] => obtener_citas_totales_por_plantel
    [id_pla] => 2
)

[2025-07-14 20:37:15] REQUEST recibido: Array
(
    [action] => obtener_ejecutivos_con_citas
)

[2025-07-14 20:37:15] Query ejecutivos con citas: SELECT e.id_eje, e.nom_eje, e.tel_eje, e.eli_eje, e.id_padre, e.id_pla, e.ult_eje,
					         p.nom_pla as plantel_principal,
					         COUNT(DISTINCT c.id_cit) as citas_propias,
					         GROUP_CONCAT(DISTINCT CONCAT(pa.id_pla, ':', pa.nom_pla) SEPARATOR '|') as planteles_asociados,
					         COUNT(DISTINCT pe.id_pla) as total_planteles_asociados,
					         CASE 
					             WHEN e.ult_eje IS NULL THEN 'sin_sesion'
					             WHEN TIMESTAMPDIFF(DAY, e.ult_eje, NOW()) <= 1 THEN 'verde'
					             WHEN TIMESTAMPDIFF(DAY, e.ult_eje, NOW()) BETWEEN 2 AND 3 THEN 'amarillo'
					             WHEN TIMESTAMPDIFF(DAY, e.ult_eje, NOW()) >= 4 THEN 'rojo'
					             ELSE 'sin_sesion'
					         END as semaforo_sesion,
					         TIMESTAMPDIFF(DAY, e.ult_eje, NOW()) as dias_desde_ultima_sesion
					  FROM ejecutivo e 
					  LEFT JOIN plantel p ON e.id_pla = p.id_pla 
					  LEFT JOIN cita c ON e.id_eje = c.id_eje2 AND c.eli_cit = 1 
					  LEFT JOIN planteles_ejecutivo pe ON e.id_eje = pe.id_eje
					  LEFT JOIN plantel pa ON pe.id_pla = pa.id_pla
					  GROUP BY e.id_eje, e.nom_eje, e.tel_eje, e.eli_eje, e.id_padre, e.id_pla, e.ult_eje, p.nom_pla
					  ORDER BY e.eli_eje DESC, e.nom_eje ASC
[2025-07-14 20:37:15] Ejecutivo ID: 9 - Citas propias: 5 - Citas hijos: 0 - Total: 5
[2025-07-14 20:37:15] Ejecutivo ID: 16 - Citas propias: 5 - Citas hijos: 0 - Total: 5
[2025-07-14 20:37:15] Ejecutivo ID: 11 - Citas propias: 5 - Citas hijos: 0 - Total: 5
[2025-07-14 20:37:15] Ejecutivo ID: 13 - Citas propias: 5 - Citas hijos: 0 - Total: 5
[2025-07-14 20:37:15] Ejecutivo ID: 12 - Citas propias: 5 - Citas hijos: 5 - Total: 10
[2025-07-14 20:37:15] Ejecutivo ID: 6 - Citas propias: 4 - Citas hijos: 0 - Total: 4
[2025-07-14 20:37:15] Ejecutivo ID: 20 - Citas propias: 5 - Citas hijos: 0 - Total: 5
[2025-07-14 20:37:15] Ejecutivo ID: 21 - Citas propias: 5 - Citas hijos: 0 - Total: 5
[2025-07-14 20:37:15] Ejecutivo ID: 15 - Citas propias: 5 - Citas hijos: 14 - Total: 19
[2025-07-14 20:37:15] Ejecutivo ID: 18 - Citas propias: 5 - Citas hijos: 0 - Total: 5
[2025-07-14 20:37:15] Ejecutivo ID: 6 - Citas propias: 4 - Citas hijos: 0 - Total: 4
[2025-07-14 20:37:15] Ejecutivo ID: 4 - Citas propias: 6 - Citas hijos: 0 - Total: 6
[2025-07-14 20:37:15] Ejecutivo ID: 10 - Citas propias: 5 - Citas hijos: 0 - Total: 5
[2025-07-14 20:37:15] Ejecutivo ID: 2 - Citas propias: 5 - Citas hijos: 0 - Total: 5
[2025-07-14 20:37:15] Ejecutivo ID: 10 - Citas propias: 5 - Citas hijos: 0 - Total: 5
[2025-07-14 20:37:15] Ejecutivo ID: 14 - Citas propias: 5 - Citas hijos: 5 - Total: 10
[2025-07-14 20:37:15] Ejecutivo ID: 21 - Citas propias: 5 - Citas hijos: 0 - Total: 5
[2025-07-14 20:37:15] Ejecutivo ID: 20 - Citas propias: 5 - Citas hijos: 0 - Total: 5
[2025-07-14 20:37:15] Ejecutivo ID: 13 - Citas propias: 5 - Citas hijos: 0 - Total: 5
[2025-07-14 20:37:15] Ejecutivo ID: 1 - Citas propias: 0 - Citas hijos: 0 - Total: 0
[2025-07-14 20:37:15] Ejecutivos con citas encontrados: 15
[2025-07-14 20:37:15] REQUEST recibido: Array
(
    [action] => obtener_citas_totales_por_plantel
    [id_pla] => 6
)

[2025-07-14 20:37:15] REQUEST recibido: Array
(
    [action] => obtener_citas_totales_por_plantel
    [id_pla] => 2
)

[2025-07-14 20:37:15] REQUEST recibido: Array
(
    [action] => obtener_citas_totales_por_plantel
    [id_pla] => 3
)

[2025-07-14 20:37:18] REQUEST recibido: Array
(
    [action] => obtener_planteles
)

[2025-07-14 20:37:18] Query planteles: SELECT id_pla, nom_pla, fec_pla FROM plantel ORDER BY nom_pla ASC
[2025-07-14 20:37:18] Planteles encontrados: 3
[2025-07-14 20:37:30] REQUEST recibido: Array
(
    [action] => obtener_planteles
)

[2025-07-14 20:37:30] Query planteles: SELECT id_pla, nom_pla, fec_pla FROM plantel ORDER BY nom_pla ASC
[2025-07-14 20:37:30] Planteles encontrados: 3
[2025-07-14 20:37:36] REQUEST recibido: Array
(
    [action] => obtener_planteles
)

[2025-07-14 20:37:36] Query planteles: SELECT id_pla, nom_pla, fec_pla FROM plantel ORDER BY nom_pla ASC
[2025-07-14 20:37:36] Planteles encontrados: 3
[2025-07-14 20:37:46] REQUEST recibido: Array
(
    [action] => mover_ejecutivo
    [id_eje] => 10
    [id_padre] => 12
    [id_pla] => 3
)

[2025-07-14 20:37:46] ==============================================
[2025-07-14 20:37:46] MOVER EJECUTIVO - REQUEST RECIBIDO
[2025-07-14 20:37:46] POST data completo: Array
(
    [action] => mover_ejecutivo
    [id_eje] => 10
    [id_padre] => 12
    [id_pla] => 3
)

[2025-07-14 20:37:46] Valores procesados:
[2025-07-14 20:37:46] - ID Ejecutivo: 10
[2025-07-14 20:37:46] - ID Padre: 12
[2025-07-14 20:37:46] - ID Plantel: 3
[2025-07-14 20:37:46] ANTES - Ejecutivo: Luis Rodriguez, Padre anterior: 14, Plantel anterior: 3
[2025-07-14 20:37:46] NUEVO PADRE: Diego Herrera Luna (ID: 12)
[2025-07-14 20:37:46] NUEVO PLANTEL: Plantel Ecatepec (ID: 3)
[2025-07-14 20:37:46] QUERY MOVER: UPDATE ejecutivo SET id_padre = '12', id_pla = '3' WHERE id_eje = '10'
[2025-07-14 20:37:46] VERIFICACIÓN - Nuevo padre: 12, Nuevo plantel: 3
[2025-07-14 20:37:46] EJECUTIVO MOVIDO EXITOSAMENTE
[2025-07-14 20:37:46] RESPUESTA ENVIADA: SUCCESS
[2025-07-14 20:37:46] ==============================================
[2025-07-14 20:37:46] REQUEST recibido: Array
(
    [action] => obtener_ejecutivos_con_citas
)

[2025-07-14 20:37:46] Query ejecutivos con citas: SELECT e.id_eje, e.nom_eje, e.tel_eje, e.eli_eje, e.id_padre, e.id_pla, e.ult_eje,
					         p.nom_pla as plantel_principal,
					         COUNT(DISTINCT c.id_cit) as citas_propias,
					         GROUP_CONCAT(DISTINCT CONCAT(pa.id_pla, ':', pa.nom_pla) SEPARATOR '|') as planteles_asociados,
					         COUNT(DISTINCT pe.id_pla) as total_planteles_asociados,
					         CASE 
					             WHEN e.ult_eje IS NULL THEN 'sin_sesion'
					             WHEN TIMESTAMPDIFF(DAY, e.ult_eje, NOW()) <= 1 THEN 'verde'
					             WHEN TIMESTAMPDIFF(DAY, e.ult_eje, NOW()) BETWEEN 2 AND 3 THEN 'amarillo'
					             WHEN TIMESTAMPDIFF(DAY, e.ult_eje, NOW()) >= 4 THEN 'rojo'
					             ELSE 'sin_sesion'
					         END as semaforo_sesion,
					         TIMESTAMPDIFF(DAY, e.ult_eje, NOW()) as dias_desde_ultima_sesion
					  FROM ejecutivo e 
					  LEFT JOIN plantel p ON e.id_pla = p.id_pla 
					  LEFT JOIN cita c ON e.id_eje = c.id_eje2 AND c.eli_cit = 1 
					  LEFT JOIN planteles_ejecutivo pe ON e.id_eje = pe.id_eje
					  LEFT JOIN plantel pa ON pe.id_pla = pa.id_pla
					  GROUP BY e.id_eje, e.nom_eje, e.tel_eje, e.eli_eje, e.id_padre, e.id_pla, e.ult_eje, p.nom_pla
					  ORDER BY e.eli_eje DESC, e.nom_eje ASC
[2025-07-14 20:37:46] Ejecutivo ID: 9 - Citas propias: 5 - Citas hijos: 0 - Total: 5
[2025-07-14 20:37:46] Ejecutivo ID: 16 - Citas propias: 5 - Citas hijos: 0 - Total: 5
[2025-07-14 20:37:46] Ejecutivo ID: 11 - Citas propias: 5 - Citas hijos: 0 - Total: 5
[2025-07-14 20:37:46] Ejecutivo ID: 10 - Citas propias: 5 - Citas hijos: 0 - Total: 5
[2025-07-14 20:37:46] Ejecutivo ID: 13 - Citas propias: 5 - Citas hijos: 0 - Total: 5
[2025-07-14 20:37:46] Ejecutivo ID: 12 - Citas propias: 5 - Citas hijos: 10 - Total: 15
[2025-07-14 20:37:46] Ejecutivo ID: 6 - Citas propias: 4 - Citas hijos: 0 - Total: 4
[2025-07-14 20:37:46] Ejecutivo ID: 20 - Citas propias: 5 - Citas hijos: 0 - Total: 5
[2025-07-14 20:37:46] Ejecutivo ID: 21 - Citas propias: 5 - Citas hijos: 0 - Total: 5
[2025-07-14 20:37:46] Ejecutivo ID: 15 - Citas propias: 5 - Citas hijos: 14 - Total: 19
[2025-07-14 20:37:46] Ejecutivo ID: 18 - Citas propias: 5 - Citas hijos: 0 - Total: 5
[2025-07-14 20:37:46] Ejecutivo ID: 6 - Citas propias: 4 - Citas hijos: 0 - Total: 4
[2025-07-14 20:37:46] Ejecutivo ID: 4 - Citas propias: 6 - Citas hijos: 0 - Total: 6
[2025-07-14 20:37:46] Ejecutivo ID: 10 - Citas propias: 5 - Citas hijos: 0 - Total: 5
[2025-07-14 20:37:46] Ejecutivo ID: 2 - Citas propias: 5 - Citas hijos: 0 - Total: 5
[2025-07-14 20:37:46] Ejecutivo ID: 14 - Citas propias: 5 - Citas hijos: 0 - Total: 5
[2025-07-14 20:37:46] Ejecutivo ID: 21 - Citas propias: 5 - Citas hijos: 0 - Total: 5
[2025-07-14 20:37:46] Ejecutivo ID: 20 - Citas propias: 5 - Citas hijos: 0 - Total: 5
[2025-07-14 20:37:46] Ejecutivo ID: 13 - Citas propias: 5 - Citas hijos: 0 - Total: 5
[2025-07-14 20:37:46] Ejecutivo ID: 1 - Citas propias: 0 - Citas hijos: 0 - Total: 0
[2025-07-14 20:37:46] Ejecutivos con citas encontrados: 15
[2025-07-14 20:37:46] REQUEST recibido: Array
(
    [action] => obtener_citas_totales_por_plantel
    [id_pla] => 6
)

[2025-07-14 20:37:46] REQUEST recibido: Array
(
    [action] => obtener_citas_totales_por_plantel
    [id_pla] => 3
)

[2025-07-14 20:37:46] REQUEST recibido: Array
(
    [action] => obtener_citas_totales_por_plantel
    [id_pla] => 2
)

[2025-07-14 20:37:48] REQUEST recibido: Array
(
    [action] => obtener_planteles
)

[2025-07-14 20:37:48] Query planteles: SELECT id_pla, nom_pla, fec_pla FROM plantel ORDER BY nom_pla ASC
[2025-07-14 20:37:48] Planteles encontrados: 3
[2025-07-14 20:37:52] REQUEST recibido: Array
(
    [action] => mover_ejecutivo
    [id_eje] => 10
    [id_padre] => 
    [id_pla] => 3
)

[2025-07-14 20:37:52] ==============================================
[2025-07-14 20:37:52] MOVER EJECUTIVO - REQUEST RECIBIDO
[2025-07-14 20:37:52] POST data completo: Array
(
    [action] => mover_ejecutivo
    [id_eje] => 10
    [id_padre] => 
    [id_pla] => 3
)

[2025-07-14 20:37:52] Valores procesados:
[2025-07-14 20:37:52] - ID Ejecutivo: 10
[2025-07-14 20:37:52] - ID Padre: NULL
[2025-07-14 20:37:52] - ID Plantel: 3
[2025-07-14 20:37:52] ANTES - Ejecutivo: Luis Rodriguez, Padre anterior: 12, Plantel anterior: 3
[2025-07-14 20:37:52] NUEVO PLANTEL: Plantel Ecatepec (ID: 3)
[2025-07-14 20:37:52] QUERY MOVER: UPDATE ejecutivo SET id_padre = NULL, id_pla = '3' WHERE id_eje = '10'
[2025-07-14 20:37:52] VERIFICACIÓN - Nuevo padre: , Nuevo plantel: 3
[2025-07-14 20:37:52] EJECUTIVO MOVIDO EXITOSAMENTE
[2025-07-14 20:37:52] RESPUESTA ENVIADA: SUCCESS
[2025-07-14 20:37:52] ==============================================
[2025-07-14 20:37:52] REQUEST recibido: Array
(
    [action] => obtener_ejecutivos_con_citas
)

[2025-07-14 20:37:52] Query ejecutivos con citas: SELECT e.id_eje, e.nom_eje, e.tel_eje, e.eli_eje, e.id_padre, e.id_pla, e.ult_eje,
					         p.nom_pla as plantel_principal,
					         COUNT(DISTINCT c.id_cit) as citas_propias,
					         GROUP_CONCAT(DISTINCT CONCAT(pa.id_pla, ':', pa.nom_pla) SEPARATOR '|') as planteles_asociados,
					         COUNT(DISTINCT pe.id_pla) as total_planteles_asociados,
					         CASE 
					             WHEN e.ult_eje IS NULL THEN 'sin_sesion'
					             WHEN TIMESTAMPDIFF(DAY, e.ult_eje, NOW()) <= 1 THEN 'verde'
					             WHEN TIMESTAMPDIFF(DAY, e.ult_eje, NOW()) BETWEEN 2 AND 3 THEN 'amarillo'
					             WHEN TIMESTAMPDIFF(DAY, e.ult_eje, NOW()) >= 4 THEN 'rojo'
					             ELSE 'sin_sesion'
					         END as semaforo_sesion,
					         TIMESTAMPDIFF(DAY, e.ult_eje, NOW()) as dias_desde_ultima_sesion
					  FROM ejecutivo e 
					  LEFT JOIN plantel p ON e.id_pla = p.id_pla 
					  LEFT JOIN cita c ON e.id_eje = c.id_eje2 AND c.eli_cit = 1 
					  LEFT JOIN planteles_ejecutivo pe ON e.id_eje = pe.id_eje
					  LEFT JOIN plantel pa ON pe.id_pla = pa.id_pla
					  GROUP BY e.id_eje, e.nom_eje, e.tel_eje, e.eli_eje, e.id_padre, e.id_pla, e.ult_eje, p.nom_pla
					  ORDER BY e.eli_eje DESC, e.nom_eje ASC
[2025-07-14 20:37:52] Ejecutivo ID: 9 - Citas propias: 5 - Citas hijos: 0 - Total: 5
[2025-07-14 20:37:52] Ejecutivo ID: 16 - Citas propias: 5 - Citas hijos: 0 - Total: 5
[2025-07-14 20:37:52] Ejecutivo ID: 11 - Citas propias: 5 - Citas hijos: 0 - Total: 5
[2025-07-14 20:37:52] Ejecutivo ID: 13 - Citas propias: 5 - Citas hijos: 0 - Total: 5
[2025-07-14 20:37:52] Ejecutivo ID: 12 - Citas propias: 5 - Citas hijos: 5 - Total: 10
[2025-07-14 20:37:52] Ejecutivo ID: 6 - Citas propias: 4 - Citas hijos: 0 - Total: 4
[2025-07-14 20:37:52] Ejecutivo ID: 20 - Citas propias: 5 - Citas hijos: 0 - Total: 5
[2025-07-14 20:37:52] Ejecutivo ID: 21 - Citas propias: 5 - Citas hijos: 0 - Total: 5
[2025-07-14 20:37:52] Ejecutivo ID: 15 - Citas propias: 5 - Citas hijos: 14 - Total: 19
[2025-07-14 20:37:52] Ejecutivo ID: 18 - Citas propias: 5 - Citas hijos: 0 - Total: 5
[2025-07-14 20:37:52] Ejecutivo ID: 6 - Citas propias: 4 - Citas hijos: 0 - Total: 4
[2025-07-14 20:37:52] Ejecutivo ID: 4 - Citas propias: 6 - Citas hijos: 0 - Total: 6
[2025-07-14 20:37:52] Ejecutivo ID: 10 - Citas propias: 5 - Citas hijos: 0 - Total: 5
[2025-07-14 20:37:52] Ejecutivo ID: 2 - Citas propias: 5 - Citas hijos: 0 - Total: 5
[2025-07-14 20:37:52] Ejecutivo ID: 14 - Citas propias: 5 - Citas hijos: 0 - Total: 5
[2025-07-14 20:37:52] Ejecutivo ID: 21 - Citas propias: 5 - Citas hijos: 0 - Total: 5
[2025-07-14 20:37:52] Ejecutivo ID: 20 - Citas propias: 5 - Citas hijos: 0 - Total: 5
[2025-07-14 20:37:52] Ejecutivo ID: 13 - Citas propias: 5 - Citas hijos: 0 - Total: 5
[2025-07-14 20:37:52] Ejecutivo ID: 1 - Citas propias: 0 - Citas hijos: 0 - Total: 0
[2025-07-14 20:37:52] Ejecutivos con citas encontrados: 15
[2025-07-14 20:37:52] REQUEST recibido: Array
(
    [action] => obtener_citas_totales_por_plantel
    [id_pla] => 6
)

[2025-07-14 20:37:52] REQUEST recibido: Array
(
    [action] => obtener_citas_totales_por_plantel
    [id_pla] => 2
)

[2025-07-14 20:37:55] REQUEST recibido: Array
(
    [action] => obtener_planteles
)

[2025-07-14 20:37:55] Query planteles: SELECT id_pla, nom_pla, fec_pla FROM plantel ORDER BY nom_pla ASC
[2025-07-14 20:37:55] Planteles encontrados: 3
[2025-07-14 20:37:55] REQUEST recibido: Array
(
    [action] => obtener_citas_totales_por_plantel
    [id_pla] => 3
)

[2025-07-14 20:37:55] REQUEST recibido: Array
(
    [action] => obtener_citas_totales_por_plantel
    [id_pla] => 6
)

[2025-07-14 20:37:55] REQUEST recibido: Array
(
    [action] => obtener_citas_totales_por_plantel
    [id_pla] => 2
)

[2025-07-14 20:37:55] REQUEST recibido: Array
(
    [action] => obtener_ejecutivos_con_citas
)

[2025-07-14 20:37:55] Query ejecutivos con citas: SELECT e.id_eje, e.nom_eje, e.tel_eje, e.eli_eje, e.id_padre, e.id_pla, e.ult_eje,
					         p.nom_pla as plantel_principal,
					         COUNT(DISTINCT c.id_cit) as citas_propias,
					         GROUP_CONCAT(DISTINCT CONCAT(pa.id_pla, ':', pa.nom_pla) SEPARATOR '|') as planteles_asociados,
					         COUNT(DISTINCT pe.id_pla) as total_planteles_asociados,
					         CASE 
					             WHEN e.ult_eje IS NULL THEN 'sin_sesion'
					             WHEN TIMESTAMPDIFF(DAY, e.ult_eje, NOW()) <= 1 THEN 'verde'
					             WHEN TIMESTAMPDIFF(DAY, e.ult_eje, NOW()) BETWEEN 2 AND 3 THEN 'amarillo'
					             WHEN TIMESTAMPDIFF(DAY, e.ult_eje, NOW()) >= 4 THEN 'rojo'
					             ELSE 'sin_sesion'
					         END as semaforo_sesion,
					         TIMESTAMPDIFF(DAY, e.ult_eje, NOW()) as dias_desde_ultima_sesion
					  FROM ejecutivo e 
					  LEFT JOIN plantel p ON e.id_pla = p.id_pla 
					  LEFT JOIN cita c ON e.id_eje = c.id_eje2 AND c.eli_cit = 1 
					  LEFT JOIN planteles_ejecutivo pe ON e.id_eje = pe.id_eje
					  LEFT JOIN plantel pa ON pe.id_pla = pa.id_pla
					  GROUP BY e.id_eje, e.nom_eje, e.tel_eje, e.eli_eje, e.id_padre, e.id_pla, e.ult_eje, p.nom_pla
					  ORDER BY e.eli_eje DESC, e.nom_eje ASC
[2025-07-14 20:37:55] Ejecutivo ID: 9 - Citas propias: 5 - Citas hijos: 0 - Total: 5
[2025-07-14 20:37:55] Ejecutivo ID: 16 - Citas propias: 5 - Citas hijos: 0 - Total: 5
[2025-07-14 20:37:55] Ejecutivo ID: 11 - Citas propias: 5 - Citas hijos: 0 - Total: 5
[2025-07-14 20:37:55] Ejecutivo ID: 13 - Citas propias: 5 - Citas hijos: 0 - Total: 5
[2025-07-14 20:37:55] Ejecutivo ID: 12 - Citas propias: 5 - Citas hijos: 5 - Total: 10
[2025-07-14 20:37:55] Ejecutivo ID: 6 - Citas propias: 4 - Citas hijos: 0 - Total: 4
[2025-07-14 20:37:55] Ejecutivo ID: 20 - Citas propias: 5 - Citas hijos: 0 - Total: 5
[2025-07-14 20:37:55] Ejecutivo ID: 21 - Citas propias: 5 - Citas hijos: 0 - Total: 5
[2025-07-14 20:37:55] Ejecutivo ID: 15 - Citas propias: 5 - Citas hijos: 14 - Total: 19
[2025-07-14 20:37:55] Ejecutivo ID: 18 - Citas propias: 5 - Citas hijos: 0 - Total: 5
[2025-07-14 20:37:55] Ejecutivo ID: 6 - Citas propias: 4 - Citas hijos: 0 - Total: 4
[2025-07-14 20:37:55] Ejecutivo ID: 4 - Citas propias: 6 - Citas hijos: 0 - Total: 6
[2025-07-14 20:37:55] Ejecutivo ID: 10 - Citas propias: 5 - Citas hijos: 0 - Total: 5
[2025-07-14 20:37:55] Ejecutivo ID: 2 - Citas propias: 5 - Citas hijos: 0 - Total: 5
[2025-07-14 20:37:55] Ejecutivo ID: 14 - Citas propias: 5 - Citas hijos: 0 - Total: 5
[2025-07-14 20:37:55] Ejecutivo ID: 21 - Citas propias: 5 - Citas hijos: 0 - Total: 5
[2025-07-14 20:37:55] Ejecutivo ID: 20 - Citas propias: 5 - Citas hijos: 0 - Total: 5
[2025-07-14 20:37:55] Ejecutivo ID: 13 - Citas propias: 5 - Citas hijos: 0 - Total: 5
[2025-07-14 20:37:55] Ejecutivo ID: 1 - Citas propias: 0 - Citas hijos: 0 - Total: 0
[2025-07-14 20:37:55] Ejecutivos con citas encontrados: 15
[2025-07-14 20:37:55] REQUEST recibido: Array
(
    [action] => obtener_citas_totales_por_plantel
    [id_pla] => 6
)

[2025-07-14 20:37:55] REQUEST recibido: Array
(
    [action] => obtener_citas_totales_por_plantel
    [id_pla] => 3
)

[2025-07-14 20:37:55] REQUEST recibido: Array
(
    [action] => obtener_citas_totales_por_plantel
    [id_pla] => 2
)

[2025-07-14 20:38:00] REQUEST recibido: Array
(
    [action] => obtener_planteles
)

[2025-07-14 20:38:00] Query planteles: SELECT id_pla, nom_pla, fec_pla FROM plantel ORDER BY nom_pla ASC
[2025-07-14 20:38:00] Planteles encontrados: 3
[2025-07-14 20:38:39] REQUEST recibido: Array
(
    [action] => obtener_planteles
)

[2025-07-14 20:38:39] Query planteles: SELECT id_pla, nom_pla, fec_pla FROM plantel ORDER BY nom_pla ASC
[2025-07-14 20:38:39] Planteles encontrados: 3
[2025-07-14 20:38:51] REQUEST recibido: Array
(
    [action] => obtener_planteles
)

[2025-07-14 20:38:51] Query planteles: SELECT id_pla, nom_pla, fec_pla FROM plantel ORDER BY nom_pla ASC
[2025-07-14 20:38:51] Planteles encontrados: 3
[2025-07-15 21:17:56] REQUEST recibido: Array
(
    [action] => obtener_planteles
)

[2025-07-15 21:17:56] Query planteles: SELECT id_pla, nom_pla, fec_pla FROM plantel ORDER BY nom_pla ASC
[2025-07-15 21:17:56] Planteles encontrados: 3
[2025-07-15 21:18:03] REQUEST recibido: Array
(
    [action] => obtener_planteles
)

[2025-07-15 21:18:03] Query planteles: SELECT id_pla, nom_pla, fec_pla FROM plantel ORDER BY nom_pla ASC
[2025-07-15 21:18:03] Planteles encontrados: 3
[2025-07-15 21:19:31] REQUEST recibido: Array
(
    [action] => obtener_planteles
)

[2025-07-15 21:19:31] Query planteles: SELECT id_pla, nom_pla, fec_pla FROM plantel ORDER BY nom_pla ASC
[2025-07-15 21:19:31] Planteles encontrados: 3
[2025-07-15 21:19:33] REQUEST recibido: Array
(
    [action] => obtener_planteles
)

[2025-07-15 21:19:33] Query planteles: SELECT id_pla, nom_pla, fec_pla FROM plantel ORDER BY nom_pla ASC
[2025-07-15 21:19:33] Planteles encontrados: 3
[2025-07-15 21:19:59] REQUEST recibido: Array
(
    [action] => obtener_planteles
)

[2025-07-15 21:19:59] Query planteles: SELECT id_pla, nom_pla, fec_pla FROM plantel ORDER BY nom_pla ASC
[2025-07-15 21:19:59] Planteles encontrados: 3
[2025-07-15 21:24:58] REQUEST recibido: Array
(
    [action] => obtener_planteles
)

[2025-07-15 21:24:58] Query planteles: SELECT id_pla, nom_pla, fec_pla FROM plantel ORDER BY nom_pla ASC
[2025-07-15 21:24:58] Planteles encontrados: 3
[2025-07-15 21:25:01] REQUEST recibido: Array
(
    [action] => obtener_planteles
)

[2025-07-15 21:25:01] Query planteles: SELECT id_pla, nom_pla, fec_pla FROM plantel ORDER BY nom_pla ASC
[2025-07-15 21:25:01] Planteles encontrados: 3
[2025-07-15 21:25:32] REQUEST recibido: Array
(
    [action] => obtener_planteles
)

[2025-07-15 21:25:32] Query planteles: SELECT id_pla, nom_pla, fec_pla FROM plantel ORDER BY nom_pla ASC
[2025-07-15 21:25:32] Planteles encontrados: 3
[2025-07-15 21:25:32] REQUEST recibido: Array
(
    [action] => obtener_planteles
)

[2025-07-15 21:25:32] Query planteles: SELECT id_pla, nom_pla, fec_pla FROM plantel ORDER BY nom_pla ASC
[2025-07-15 21:25:32] Planteles encontrados: 3
[2025-07-15 21:25:49] REQUEST recibido: Array
(
    [action] => obtener_planteles
)

[2025-07-15 21:25:49] Query planteles: SELECT id_pla, nom_pla, fec_pla FROM plantel ORDER BY nom_pla ASC
[2025-07-15 21:25:49] Planteles encontrados: 3
[2025-07-15 21:25:50] REQUEST recibido: Array
(
    [action] => obtener_planteles
)

[2025-07-15 21:25:50] Query planteles: SELECT id_pla, nom_pla, fec_pla FROM plantel ORDER BY nom_pla ASC
[2025-07-15 21:25:50] Planteles encontrados: 3
[2025-07-15 21:25:59] REQUEST recibido: Array
(
    [action] => obtener_planteles
)

[2025-07-15 21:25:59] Query planteles: SELECT id_pla, nom_pla, fec_pla FROM plantel ORDER BY nom_pla ASC
[2025-07-15 21:25:59] Planteles encontrados: 3
[2025-07-15 21:27:20] REQUEST recibido: Array
(
    [action] => obtener_planteles
)

[2025-07-15 21:27:20] Query planteles: SELECT id_pla, nom_pla, fec_pla FROM plantel ORDER BY nom_pla ASC
[2025-07-15 21:27:20] Planteles encontrados: 3
[2025-07-15 21:27:21] REQUEST recibido: Array
(
    [action] => obtener_planteles
)

[2025-07-15 21:27:21] Query planteles: SELECT id_pla, nom_pla, fec_pla FROM plantel ORDER BY nom_pla ASC
[2025-07-15 21:27:21] Planteles encontrados: 3
[2025-07-15 21:29:22] REQUEST recibido: Array
(
    [action] => obtener_planteles
)

[2025-07-15 21:29:22] Query planteles: SELECT id_pla, nom_pla, fec_pla FROM plantel ORDER BY nom_pla ASC
[2025-07-15 21:29:22] Planteles encontrados: 3
[2025-07-15 21:29:23] REQUEST recibido: Array
(
    [action] => obtener_planteles
)

[2025-07-15 21:29:23] Query planteles: SELECT id_pla, nom_pla, fec_pla FROM plantel ORDER BY nom_pla ASC
[2025-07-15 21:29:23] Planteles encontrados: 3
[2025-07-15 21:29:38] REQUEST recibido: Array
(
    [action] => obtener_planteles
)

[2025-07-15 21:29:38] Query planteles: SELECT id_pla, nom_pla, fec_pla FROM plantel ORDER BY nom_pla ASC
[2025-07-15 21:29:38] Planteles encontrados: 3
[2025-07-15 21:29:39] REQUEST recibido: Array
(
    [action] => obtener_planteles
)

[2025-07-15 21:29:39] Query planteles: SELECT id_pla, nom_pla, fec_pla FROM plantel ORDER BY nom_pla ASC
[2025-07-15 21:29:39] Planteles encontrados: 3
[2025-07-15 21:29:40] REQUEST recibido: Array
(
    [action] => obtener_planteles
)

[2025-07-15 21:29:40] Query planteles: SELECT id_pla, nom_pla, fec_pla FROM plantel ORDER BY nom_pla ASC
[2025-07-15 21:29:40] Planteles encontrados: 3
